<?xml version="1.0" encoding="UTF-8"?>
<testsuite xmlns:xsi="http://www.w3.org/2001/XMLSchema-instance" xsi:noNamespaceSchemaLocation="https://maven.apache.org/surefire/maven-surefire-plugin/xsd/surefire-test-report.xsd" version="3.0.2" name="com.omnicharge.paymentservice.PaymentServiceApplicationTests" time="48.652" tests="1" errors="0" skipped="0" failures="0" flakes="0">
  <properties>
[...]
</properties>
  <testcase name="contextLoads" classname="com.omnicharge.paymentservice.PaymentServiceApplicationTests" time="6.835">
    <system-out><![CDATA[09:41:42.914 [main] INFO org.springframework.test.context.support.AnnotationConfigContextLoaderUtils -- Could not detect default configuration classes for test class [com.omnicharge.paymentservice.PaymentServiceApplicationTests]: PaymentServiceApplicationTests does not declare any static, non-private, non-final, nested classes annotated with @Configuration.
09:41:43.202 [main] INFO org.springframework.boot.test.context.SpringBootTestContextBootstrapper -- Found @SpringBootConfiguration com.omnicharge.paymentservice.PaymentServiceApplication for test class com.omnicharge.paymentservice.PaymentServiceApplicationTests
09:41:43.407 [main] INFO org.springframework.test.context.support.AnnotationConfigContextLoaderUtils -- Could not detect default configuration classes for test class [com.omnicharge.paymentservice.PaymentServiceApplicationTests]: PaymentServiceApplicationTests does not declare any static, non-private, non-final, nested classes annotated with @Configuration.
09:41:43.411 [main] INFO org.springframework.boot.test.context.SpringBootTestContextBootstrapper -- Found @SpringBootConfiguration com.omnicharge.paymentservice.PaymentServiceApplication for test class com.omnicharge.paymentservice.PaymentServiceApplicationTests
09:41:43.923 [main] INFO org.springframework.boot.devtools.restart.RestartApplicationListener -- Restart disabled due to context in which it is running

  .   ____          _            __ _ _
 /\\ / ___'_ __ _ _(_)_ __  __ _ \ \ \ \
( ( )\___ | '_ | '_| | '_ \/ _` | \ \ \ \
 \\/  ___)| |_)| | | | | || (_| |  ) ) ) )
  '  |____| .__|_| |_|_| |_\__, | / / / /
 =========|_|==============|___/=/_/_/_/

 :: Spring Boot ::                (v4.0.4)

2026-03-26T09:41:45.107+05:30  INFO 32656 --- [           main] c.o.p.PaymentServiceApplicationTests     : Starting PaymentServiceApplicationTests using Java 17.0.12 with PID 32656 (started by lenovo in E:\omnicharge\payment-service)
2026-03-26T09:41:45.112+05:30  INFO 32656 --- [           main] c.o.p.PaymentServiceApplicationTests     : No active profile set, falling back to 1 default profile: "default"
2026-03-26T09:41:50.014+05:30  INFO 32656 --- [           main] .s.d.r.c.RepositoryConfigurationDelegate : Bootstrapping Spring Data JPA repositories in DEFAULT mode.
2026-03-26T09:41:50.885+05:30  INFO 32656 --- [           main] .s.d.r.c.RepositoryConfigurationDelegate : Finished Spring Data repository scanning in 825 ms. Found 1 JPA repository interface.
2026-03-26T09:41:52.115+05:30  INFO 32656 --- [           main] o.s.cloud.context.scope.GenericScope     : BeanFactory id=0fbdbea2-e08a-3a34-ab50-7e9190eac80a
2026-03-26T09:41:53.547+05:30  INFO 32656 --- [           main] org.hibernate.orm.jpa                    : HHH008540: Processing PersistenceUnitInfo [name: default]
2026-03-26T09:41:54.070+05:30  INFO 32656 --- [           main] org.hibernate.orm.core                   : HHH000001: Hibernate ORM core version 7.2.7.Final
2026-03-26T09:41:56.129+05:30  INFO 32656 --- [           main] o.s.o.j.p.SpringPersistenceUnitInfo      : No LoadTimeWeaver setup: ignoring JPA class transformer
2026-03-26T09:41:56.264+05:30  INFO 32656 --- [           main] com.zaxxer.hikari.HikariDataSource       : HikariPool-1 - Starting...
2026-03-26T09:41:57.013+05:30  INFO 32656 --- [           main] com.zaxxer.hikari.pool.HikariPool        : HikariPool-1 - Added connection conn0: url=jdbc:h2:mem:testdb user=SA
2026-03-26T09:41:57.022+05:30  INFO 32656 --- [           main] com.zaxxer.hikari.HikariDataSource       : HikariPool-1 - Start completed.
2026-03-26T09:41:57.141+05:30  WARN 32656 --- [           main] org.hibernate.orm.deprecation            : HHH90000025: H2Dialect does not need to be specified explicitly using 'hibernate.dialect' (remove the property setting and it will be selected by default)
2026-03-26T09:41:57.213+05:30  INFO 32656 --- [           main] org.hibernate.orm.connections.pooling    : HHH10001005: Database info:
	Database JDBC URL [jdbc:h2:mem:testdb]
	Database driver: H2 JDBC Driver
	Database dialect: H2Dialect
	Database version: 2.4.240
	Default catalog/schema: TESTDB/PUBLIC
	Autocommit mode: undefined/unknown
	Isolation level: READ_COMMITTED [default READ_COMMITTED]
	JDBC fetch size: 100
	Pool: DataSourceConnectionProvider
	Minimum pool size: undefined/unknown
	Maximum pool size: undefined/unknown
2026-03-26T09:42:00.935+05:30  INFO 32656 --- [           main] org.hibernate.orm.core                   : HHH000489: No JTA platform available (set 'hibernate.transaction.jta.platform' to enable JTA platform integration)
2026-03-26T09:42:01.204+05:30  INFO 32656 --- [           main] j.LocalContainerEntityManagerFactoryBean : Initialized JPA EntityManagerFactory for persistence unit 'default'
2026-03-26T09:42:02.282+05:30  INFO 32656 --- [           main] o.s.d.j.r.query.QueryEnhancerFactories   : Hibernate is in classpath; If applicable, HQL parser will be used.
2026-03-26T09:42:08.151+05:30  WARN 32656 --- [           main] JpaBaseConfiguration$JpaWebConfiguration : spring.jpa.open-in-view is enabled by default. Therefore, database queries may be performed during view rendering. Explicitly configure spring.jpa.open-in-view to disable this warning
2026-03-26T09:42:08.827+05:30  INFO 32656 --- [           main] o.s.c.openfeign.FeignClientFactoryBean   : For 'user-service' URL not provided. Will try picking an instance via load-balancing.
2026-03-26T09:42:11.311+05:30  WARN 32656 --- [           main] .s.a.UserDetailsServiceAutoConfiguration : 

Using generated security password: be7fd6e7-df1c-44ce-ac03-7ec338296d20

This generated password is for development use only. Your security configuration must be updated before running your application in production.

2026-03-26T09:42:11.490+05:30  INFO 32656 --- [           main] r$InitializeUserDetailsManagerConfigurer : Global AuthenticationManager configured with UserDetailsService bean with name inMemoryUserDetailsManager
2026-03-26T09:42:22.798+05:30  INFO 32656 --- [           main] DiscoveryClientOptionalArgsConfiguration : Eureka HTTP Client uses RestClient.
2026-03-26T09:42:23.230+05:30  WARN 32656 --- [           main] iguration$LoadBalancerCaffeineWarnLogger : Spring Cloud LoadBalancer is currently working with the default cache. While this cache implementation is useful for development and tests, it's recommended to use Caffeine cache in production.You can switch to using Caffeine cache, by adding it and org.springframework.cache.caffeine.CaffeineCacheManager to the classpath.
2026-03-26T09:42:23.301+05:30  INFO 32656 --- [           main] o.s.b.a.e.web.EndpointLinksResolver      : Exposing 1 endpoint beneath base path '/actuator'
2026-03-26T09:42:23.787+05:30  INFO 32656 --- [           main] c.o.p.PaymentServiceApplicationTests     : Started PaymentServiceApplicationTests in 39.893 seconds (process running for 43.034)
2026-03-26T09:42:24.200+05:30  WARN 32656 --- [           main] o.s.core.events.SpringDocAppInitializer  : SpringDoc /v3/api-docs endpoint is enabled by default. To disable it in production, set the property 'springdoc.api-docs.enabled=false'
2026-03-26T09:42:24.201+05:30  WARN 32656 --- [           main] o.s.core.events.SpringDocAppInitializer  : SpringDoc /swagger-ui.html endpoint is enabled by default. To disable it in production, set the property 'springdoc.swagger-ui.enabled=false'
]]></system-out>
  </testcase>
</testsuite>