<?xml version="1.0" encoding="UTF-8"?>
<testsuite xmlns:xsi="http://www.w3.org/2001/XMLSchema-instance" xsi:noNamespaceSchemaLocation="https://maven.apache.org/surefire/maven-surefire-plugin/xsd/surefire-test-report.xsd" version="3.0.2" name="com.omnicharge.userservice.service.UserServiceTest" time="0.635" tests="7" errors="0" skipped="0" failures="0" flakes="0">
  <properties>
[...]
</properties>
  <testcase name="deleteUser_success" classname="com.omnicharge.userservice.service.UserServiceTest" time="0.41"/>
  <testcase name="getProfile_userNotFound_throwsException" classname="com.omnicharge.userservice.service.UserServiceTest" time="0.016"/>
  <testcase name="getRechargeHistory_success" classname="com.omnicharge.userservice.service.UserServiceTest" time="0.02"/>
  <testcase name="getTransactionStatus_userNotFound_throwsException" classname="com.omnicharge.userservice.service.UserServiceTest" time="0.018"/>
  <testcase name="getProfile_success" classname="com.omnicharge.userservice.service.UserServiceTest" time="0.047"/>
  <testcase name="updateProfile_success" classname="com.omnicharge.userservice.service.UserServiceTest" time="0.02"/>
  <testcase name="getTransactionStatus_success" classname="com.omnicharge.userservice.service.UserServiceTest" time="0.011"/>
</testsuite>