<?xml version="1.0" encoding="UTF-8"?>
<testsuite xmlns:xsi="http://www.w3.org/2001/XMLSchema-instance" xsi:noNamespaceSchemaLocation="https://maven.apache.org/surefire/maven-surefire-plugin/xsd/surefire-test-report.xsd" version="3.0.2" name="com.omnicharge.operatorservice.OperatorServiceApplicationTests" time="46.939" tests="1" errors="0" skipped="0" failures="0" flakes="0">
  <properties>
[...]
</properties>
  <testcase name="contextLoads" classname="com.omnicharge.operatorservice.OperatorServiceApplicationTests" time="1.629">
    <system-out><![CDATA[14:14:24.408 [main] INFO org.springframework.test.context.support.AnnotationConfigContextLoaderUtils -- Could not detect default configuration classes for test class [com.omnicharge.operatorservice.OperatorServiceApplicationTests]: OperatorServiceApplicationTests does not declare any static, non-private, non-final, nested classes annotated with @Configuration.
14:14:24.965 [main] INFO org.springframework.boot.test.context.SpringBootTestContextBootstrapper -- Found @SpringBootConfiguration com.omnicharge.operatorservice.OperatorServiceApplication for test class com.omnicharge.operatorservice.OperatorServiceApplicationTests
14:14:25.415 [main] INFO org.springframework.test.context.support.AnnotationConfigContextLoaderUtils -- Could not detect default configuration classes for test class [com.omnicharge.operatorservice.OperatorServiceApplicationTests]: OperatorServiceApplicationTests does not declare any static, non-private, non-final, nested classes annotated with @Configuration.
14:14:25.419 [main] INFO org.springframework.boot.test.context.SpringBootTestContextBootstrapper -- Found @SpringBootConfiguration com.omnicharge.operatorservice.OperatorServiceApplication for test class com.omnicharge.operatorservice.OperatorServiceApplicationTests
14:14:26.855 [main] INFO org.springframework.boot.devtools.restart.RestartApplicationListener -- Restart disabled due to context in which it is running

  .   ____          _            __ _ _
 /\\ / ___'_ __ _ _(_)_ __  __ _ \ \ \ \
( ( )\___ | '_ | '_| | '_ \/ _` | \ \ \ \
 \\/  ___)| |_)| | | | | || (_| |  ) ) ) )
  '  |____| .__|_| |_|_| |_\__, | / / / /
 =========|_|==============|___/=/_/_/_/

 :: Spring Boot ::                (v4.0.4)

2026-03-25T14:14:39.274+05:30  INFO 21984 --- [operator-service] [           main] c.o.o.OperatorServiceApplicationTests    : Starting OperatorServiceApplicationTests using Java 17.0.12 with PID 21984 (started by lenovo in E:\omnicharge\operator-service)
2026-03-25T14:14:39.296+05:30  INFO 21984 --- [operator-service] [           main] c.o.o.OperatorServiceApplicationTests    : No active profile set, falling back to 1 default profile: "default"
2026-03-25T14:14:39.573+05:30  INFO 21984 --- [operator-service] [           main] o.s.c.c.c.ConfigServerConfigDataLoader   : Fetching config from server at : http://localhost:8888
2026-03-25T14:14:39.581+05:30  INFO 21984 --- [operator-service] [           main] o.s.c.c.c.ConfigServerConfigDataLoader   : Located environment: name=operator-service, profiles=[default], label=null, version=ec7cfee66b1f0da3563549e5d48d114ade2a5814, state=
2026-03-25T14:14:44.278+05:30  INFO 21984 --- [operator-service] [           main] .s.d.r.c.RepositoryConfigurationDelegate : Bootstrapping Spring Data JPA repositories in DEFAULT mode.
2026-03-25T14:14:44.817+05:30  INFO 21984 --- [operator-service] [           main] .s.d.r.c.RepositoryConfigurationDelegate : Finished Spring Data repository scanning in 508 ms. Found 2 JPA repository interfaces.
2026-03-25T14:14:45.780+05:30  INFO 21984 --- [operator-service] [           main] o.s.cloud.context.scope.GenericScope     : BeanFactory id=4293d148-f2ad-3bf0-9c89-66ce1c3e66d2
2026-03-25T14:14:47.090+05:30  INFO 21984 --- [operator-service] [           main] org.hibernate.orm.jpa                    : HHH008540: Processing PersistenceUnitInfo [name: default]
2026-03-25T14:14:47.647+05:30  INFO 21984 --- [operator-service] [           main] org.hibernate.orm.core                   : HHH000001: Hibernate ORM core version 7.2.7.Final
2026-03-25T14:14:50.061+05:30  INFO 21984 --- [operator-service] [           main] o.s.o.j.p.SpringPersistenceUnitInfo      : No LoadTimeWeaver setup: ignoring JPA class transformer
2026-03-25T14:14:50.161+05:30  INFO 21984 --- [operator-service] [           main] com.zaxxer.hikari.HikariDataSource       : HikariPool-1 - Starting...
2026-03-25T14:14:52.835+05:30  INFO 21984 --- [operator-service] [           main] com.zaxxer.hikari.pool.HikariPool        : HikariPool-1 - Added connection com.mysql.cj.jdbc.ConnectionImpl@36a59d8
2026-03-25T14:14:52.840+05:30  INFO 21984 --- [operator-service] [           main] com.zaxxer.hikari.HikariDataSource       : HikariPool-1 - Start completed.
2026-03-25T14:14:53.361+05:30  INFO 21984 --- [operator-service] [           main] org.hibernate.orm.connections.pooling    : HHH10001005: Database info:
	Database JDBC URL [jdbc:mysql://localhost:3306/omnicharge_operator_db?createDatabaseIfNotExist=true]
	Database driver: MySQL Connector/J
	Database dialect: MySQLDialect
	Database version: 8.0.42
	Default catalog/schema: omnicharge_operator_db/undefined
	Autocommit mode: undefined/unknown
	Isolation level: REPEATABLE_READ [default REPEATABLE_READ]
	JDBC fetch size: none
	Pool: DataSourceConnectionProvider
	Minimum pool size: undefined/unknown
	Maximum pool size: undefined/unknown
2026-03-25T14:14:56.553+05:30  INFO 21984 --- [operator-service] [           main] org.hibernate.orm.core                   : HHH000489: No JTA platform available (set 'hibernate.transaction.jta.platform' to enable JTA platform integration)
2026-03-25T14:14:57.767+05:30  INFO 21984 --- [operator-service] [           main] j.LocalContainerEntityManagerFactoryBean : Initialized JPA EntityManagerFactory for persistence unit 'default'
2026-03-25T14:14:58.070+05:30  INFO 21984 --- [operator-service] [           main] o.s.d.j.r.query.QueryEnhancerFactories   : Hibernate is in classpath; If applicable, HQL parser will be used.
2026-03-25T14:14:59.965+05:30  WARN 21984 --- [operator-service] [           main] JpaBaseConfiguration$JpaWebConfiguration : spring.jpa.open-in-view is enabled by default. Therefore, database queries may be performed during view rendering. Explicitly configure spring.jpa.open-in-view to disable this warning
2026-03-25T14:15:00.752+05:30  WARN 21984 --- [operator-service] [           main] .s.a.UserDetailsServiceAutoConfiguration : 

Using generated security password: aab6fa63-1619-49e8-8d37-ee8760751cc5

This generated password is for development use only. Your security configuration must be updated before running your application in production.

2026-03-25T14:15:00.797+05:30  INFO 21984 --- [operator-service] [           main] r$InitializeUserDetailsManagerConfigurer : Global AuthenticationManager configured with UserDetailsService bean with name inMemoryUserDetailsManager
2026-03-25T14:15:05.365+05:30  INFO 21984 --- [operator-service] [           main] DiscoveryClientOptionalArgsConfiguration : Eureka HTTP Client uses RestClient.
2026-03-25T14:15:05.454+05:30  WARN 21984 --- [operator-service] [           main] iguration$LoadBalancerCaffeineWarnLogger : Spring Cloud LoadBalancer is currently working with the default cache. While this cache implementation is useful for development and tests, it's recommended to use Caffeine cache in production.You can switch to using Caffeine cache, by adding it and org.springframework.cache.caffeine.CaffeineCacheManager to the classpath.
2026-03-25T14:15:05.464+05:30  INFO 21984 --- [operator-service] [           main] o.s.b.a.e.web.EndpointLinksResolver      : Exposing 16 endpoints beneath base path '/actuator'
2026-03-25T14:15:05.742+05:30  INFO 21984 --- [operator-service] [           main] o.s.c.n.eureka.InstanceInfoFactory       : Setting initial instance status as: STARTING
2026-03-25T14:15:05.895+05:30  INFO 21984 --- [operator-service] [           main] com.netflix.discovery.DiscoveryClient    : Initializing Eureka in region us-east-1
2026-03-25T14:15:05.918+05:30  INFO 21984 --- [operator-service] [           main] c.n.d.s.r.aws.ConfigClusterResolver      : Resolving eureka endpoints via configuration
2026-03-25T14:15:05.958+05:30  INFO 21984 --- [operator-service] [           main] com.netflix.discovery.DiscoveryClient    : Disable delta property : false
2026-03-25T14:15:05.959+05:30  INFO 21984 --- [operator-service] [           main] com.netflix.discovery.DiscoveryClient    : Single vip registry refresh property : null
2026-03-25T14:15:05.959+05:30  INFO 21984 --- [operator-service] [           main] com.netflix.discovery.DiscoveryClient    : Force full registry fetch : false
2026-03-25T14:15:05.959+05:30  INFO 21984 --- [operator-service] [           main] com.netflix.discovery.DiscoveryClient    : Application is null : false
2026-03-25T14:15:05.959+05:30  INFO 21984 --- [operator-service] [           main] com.netflix.discovery.DiscoveryClient    : Registered Applications size is zero : true
2026-03-25T14:15:05.959+05:30  INFO 21984 --- [operator-service] [           main] com.netflix.discovery.DiscoveryClient    : Application version is -1: true
2026-03-25T14:15:05.959+05:30  INFO 21984 --- [operator-service] [           main] com.netflix.discovery.DiscoveryClient    : Getting all instance registry info from the eureka server
2026-03-25T14:15:07.624+05:30  INFO 21984 --- [operator-service] [           main] com.netflix.discovery.DiscoveryClient    : The response status is 200
2026-03-25T14:15:07.632+05:30  INFO 21984 --- [operator-service] [           main] com.netflix.discovery.DiscoveryClient    : Starting heartbeat executor: renew interval is: 30
2026-03-25T14:15:07.638+05:30  INFO 21984 --- [operator-service] [           main] c.n.discovery.InstanceInfoReplicator     : InstanceInfoReplicator onDemand update allowed rate per min is 4
2026-03-25T14:15:07.642+05:30  INFO 21984 --- [operator-service] [           main] com.netflix.discovery.DiscoveryClient    : Discovery Client initialized at timestamp 1774428307642 with initial instances count: 6
2026-03-25T14:15:07.651+05:30  INFO 21984 --- [operator-service] [           main] o.s.c.n.e.s.EurekaServiceRegistry        : Registering application OPERATOR-SERVICE with eureka with status UP
2026-03-25T14:15:07.653+05:30  INFO 21984 --- [operator-service] [           main] com.netflix.discovery.DiscoveryClient    : Saw local status change event StatusChangeEvent [timestamp=1774428307653, current=UP, previous=STARTING]
2026-03-25T14:15:07.656+05:30  INFO 21984 --- [operator-service] [foReplicator-%d] com.netflix.discovery.DiscoveryClient    : DiscoveryClient_OPERATOR-SERVICE/DESKTOP-LVF4IJ6:operator-service:8082: registering service...
2026-03-25T14:15:07.690+05:30  INFO 21984 --- [operator-service] [           main] c.o.o.OperatorServiceApplicationTests    : Started OperatorServiceApplicationTests in 40.961 seconds (process running for 47.096)
2026-03-25T14:15:08.448+05:30  INFO 21984 --- [operator-service] [foReplicator-%d] com.netflix.discovery.DiscoveryClient    : DiscoveryClient_OPERATOR-SERVICE/DESKTOP-LVF4IJ6:operator-service:8082 - registration status: 204
Hibernate: select count(*) from operators o1_0
2026-03-25T14:15:08.742+05:30  WARN 21984 --- [operator-service] [           main] o.s.core.events.SpringDocAppInitializer  : SpringDoc /v3/api-docs endpoint is enabled by default. To disable it in production, set the property 'springdoc.api-docs.enabled=false'
2026-03-25T14:15:08.742+05:30  WARN 21984 --- [operator-service] [           main] o.s.core.events.SpringDocAppInitializer  : SpringDoc /swagger-ui.html endpoint is enabled by default. To disable it in production, set the property 'springdoc.swagger-ui.enabled=false'
]]></system-out>
  </testcase>
</testsuite>